<!DOCTYPE html PUBLIC "-//W3C//DTD XHTML 1.1//EN" "https://www.w3.org/TR/xhtml11/DTD/xhtml11.dtd">
<html xmlns="https://www.w3.org/1999/xhtml">
<head>
<meta http-equiv="content-type" content="text/html; charset=UTF-8"/>
<title>TestNG Report</title>
<style type="text/css">table {margin-bottom:10px;border-collapse:collapse;empty-cells:show}th,td {border:1px solid #009;padding:.25em .5em}th {vertical-align:bottom}td {vertical-align:top}table a {font-weight:bold}.stripe td {background-color: #E6EBF9}.num {text-align:right}.passedodd td {background-color: #3F3}.passedeven td {background-color: #0A0}.skippedodd td {background-color: #DDD}.skippedeven td {background-color: #CCC}.failedodd td,.attn {background-color: #F33}.failedeven td,.stripe .attn {background-color: #D00}.stacktrace {white-space:pre;font-family:monospace}.totop {font-size:85%;text-align:center;border-bottom:2px solid #000}.invisible {display:none}</style>
</head>
<body>
<table>
<tr><th>Test</th><th># Passed</th><th># Skipped</th><th># Retried</th><th># Failed</th><th>Time (ms)</th><th>Included Groups</th><th>Excluded Groups</th></tr>
<tr><th colspan="8">Selenium Suite</th></tr>
<tr><td><a href="#t0">Login Tests</a></td><td class="num">2</td><td class="num">0</td><td class="num">0</td><td class="num attn">2</td><td class="num">16,623</td><td></td><td></td></tr>
</table>
<table id='summary'><thead><tr><th>Class</th><th>Method</th><th>Start</th><th>Time (ms)</th></tr></thead><tbody><tr><th colspan="4">Selenium Suite</th></tr></tbody><tbody id="t0"><tr><th colspan="4">Login Tests &#8212; failed</th></tr><tr class="failedeven"><td rowspan="2">tests.LoginTests</td><td><a href="#m0">loginTestDataProvider</a></td><td rowspan="2">1751703760885</td><td rowspan="2">151</td></tr><tr class="failedeven"><td><a href="#m1">loginTestDataProvider</a></td></tr><tr><th colspan="4">Login Tests &#8212; passed</th></tr><tr class="passedeven"><td rowspan="2">tests.LoginTests</td><td><a href="#m2">loginTest</a></td><td rowspan="1">1751703745877</td><td rowspan="1">14195</td></tr><tr class="passedeven"><td><a href="#m3">loginTestDataProvider</a></td><td rowspan="1">1751703760128</td><td rowspan="1">569</td></tr></tbody>
</table>
<h2>Login Tests</h2><h3 id="m0">tests.LoginTests#loginTestDataProvider</h3><table class="result"><tr class="param"><th>Parameter #1</th><th>Parameter #2</th></tr><tr class="param stripe"><td>sdfsd</td><td>sdfsdf</td></tr><tr><th colspan="2">Exception</th></tr><tr><td colspan="2"><div class="stacktrace">java.lang.AssertionError: expected [Logged In Successfully | Practice Test Automation] but found [Test Login | Practice Test Automation]
	at tests.LoginTests.loginTestDataProvider(LoginTests.java:44)
	at java.base/java.util.ArrayList.forEach(ArrayList.java:1604)
... Removed 35 stack frames</div></td></tr></table><p class="totop"><a href="#summary">back to summary</a></p>
<h3 id="m1">tests.LoginTests#loginTestDataProvider</h3><table class="result"><tr class="param"><th>Parameter #1</th><th>Parameter #2</th></tr><tr class="param stripe"><td>sdf</td><td>sdfsd</td></tr><tr><th colspan="2">Exception</th></tr><tr><td colspan="2"><div class="stacktrace">java.lang.AssertionError: expected [Logged In Successfully | Practice Test Automation] but found [Test Login | Practice Test Automation]
	at tests.LoginTests.loginTestDataProvider(LoginTests.java:44)
	at java.base/java.util.ArrayList.forEach(ArrayList.java:1604)
... Removed 35 stack frames</div></td></tr></table><p class="totop"><a href="#summary">back to summary</a></p>
<h3 id="m2">tests.LoginTests#loginTest</h3><table class="result"><tr><th class="invisible"/></tr></table><p class="totop"><a href="#summary">back to summary</a></p>
<h3 id="m3">tests.LoginTests#loginTestDataProvider</h3><table class="result"><tr class="param"><th>Parameter #1</th><th>Parameter #2</th></tr><tr class="param stripe"><td>student</td><td>Password123</td></tr></table><p class="totop"><a href="#summary">back to summary</a></p>
</body>
</html>
